<?xml version="1.0" encoding="UTF-8"?>
<!-- Generated by org.testng.reporters.JUnitReportReporter -->
<testsuite hostname="WIN-CNIQ7GSBK1T" failures="0" tests="1" name="com.vig.practice.testcases.TC001_Registration" time="34.742" errors="0" timestamp="2024-08-08T15:56:13 IST" skipped="0">
  <testcase classname="com.vig.practice.testcases.TC001_Registration" name="createUser" time="34.742"/>
  <system-out/>
</testsuite> <!-- com.vig.practice.testcases.TC001_Registration -->
