<?xml version="1.0" encoding="UTF-8"?>
<!-- Generated by org.testng.reporters.JUnitReportReporter -->
<testsuite hostname="WIN-CNIQ7GSBK1T" failures="0" tests="3" name="com.vig.practice.utilities.DataExcel" time="0.013" errors="0" timestamp="2024-08-22T19:01:51 IST" skipped="0">
  <testcase classname="com.vig.practice.utilities.DataExcel" name="ff" time="0.002"/>
  <system-out/>
  <testcase classname="com.vig.practice.utilities.DataExcel" name="ff" time="0.010"/>
  <system-out/>
  <testcase classname="com.vig.practice.utilities.DataExcel" name="ff" time="0.001"/>
  <system-out/>
</testsuite> <!-- com.vig.practice.utilities.DataExcel -->
